<?xml version="1.0" encoding="UTF-8"?>
<!-- Generated by org.testng.reporters.JUnitXMLReporter -->
<testsuite hostname="DESKTOP-JJIE42H" ignored="0" name="Default test(failed)" tests="5" failures="2" timestamp="2021-12-28T20:44:45 IST" time="0.099" errors="0">
  <testcase name="credentials" time="0.016" classname="com.testng_features.Test_Demo">
    <skipped/>
  </testcase> <!-- credentials -->
  <testcase name="credentials" time="0.001" classname="com.testng_features.Test_Demo">
    <skipped/>
  </testcase> <!-- credentials -->
  <testcase name="credentials" time="0.002" classname="com.testng_features.Test_Demo">
    <skipped/>
  </testcase> <!-- credentials -->
  <testcase name="credentials" time="0.001" classname="com.testng_features.Test_Demo">
    <failure type="java.lang.AssertionError" message="expected [Starc] but found [Smith]">
      <![CDATA[java.lang.AssertionError: expected [Starc] but found [Smith]
at com.testng_features.Test_Demo.credentials(Test_Demo.java:15)
at java.util.ArrayList.forEach(Unknown Source)
... Removed 33 stack frames]]>
    </failure>
  </testcase> <!-- credentials -->
  <testcase name="credentials1" time="0.001" classname="com.testng_features.Test_Demo">
    <failure type="java.lang.AssertionError" message="expected [Starc123] but found [Smith123]">
      <![CDATA[java.lang.AssertionError: expected [Starc123] but found [Smith123]
at com.testng_features.Test_Demo.credentials1(Test_Demo.java:25)
at java.util.ArrayList.forEach(Unknown Source)
... Removed 33 stack frames]]>
    </failure>
  </testcase> <!-- credentials1 -->
</testsuite> <!-- Default test(failed) -->
